Exception while resolving variable 'name' in template 'unknown'.
Traceback (most recent call last):
  File "C:\Users\admin\PycharmProjects\coure_django6\.venv\Lib\site-packages\django\core\handlers\exception.py", line 55, in inner
    response = get_response(request)
               ^^^^^^^^^^^^^^^^^^^^^
  File "C:\Users\admin\PycharmProjects\coure_django6\.venv\Lib\site-packages\django\core\handlers\base.py", line 181, in _get_response
    callback, callback_args, callback_kwargs = self.resolve_request(request)
                                               ^^^^^^^^^^^^^^^^^^^^^^^^^^^^^
  File "C:\Users\admin\PycharmProjects\coure_django6\.venv\Lib\site-packages\django\core\handlers\base.py", line 313, in resolve_request
    resolver_match = resolver.resolve(request.path_info)
                     ^^^^^^^^^^^^^^^^^^^^^^^^^^^^^^^^^^^
  File "C:\Users\admin\PycharmProjects\coure_django6\.venv\Lib\site-packages\django\urls\resolvers.py", line 725, in resolve
    raise Resolver404({"tried": tried, "path": new_path})
django.urls.exceptions.Resolver404: {'tried': [[<URLResolver <URLPattern list> (admin:admin) 'admin/'>], [<URLResolver <module 'MailingSetting.urls' from 'C:\\Users\\admin\\PycharmProjects\\coure_django6\\MailingSetting\\urls.py'> (MailingSetting:MailingSetting) ''>, <URLPattern '' [name='message_list']>], [<URLResolver <module 'MailingSetting.urls' from 'C:\\Users\\admin\\PycharmProjects\\coure_django6\\MailingSetting\\urls.py'> (MailingSetting:MailingSetting) ''>, <URLPattern 'message_create/' [name='message_create']>], [<URLResolver <module 'MailingSetting.urls' from 'C:\\Users\\admin\\PycharmProjects\\coure_django6\\MailingSetting\\urls.py'> (MailingSetting:MailingSetting) ''>, <URLPattern 'message_detail/<int:pk>/' [name='message_detail']>], [<URLResolver <module 'MailingSetting.urls' from 'C:\\Users\\admin\\PycharmProjects\\coure_django6\\MailingSetting\\urls.py'> (MailingSetting:MailingSetting) ''>, <URLPattern 'message_update/<int:pk>/' [name='message_update']>], [<URLResolver <module 'MailingSetting.urls' from 'C:\\Users\\admin\\PycharmProjects\\coure_django6\\MailingSetting\\urls.py'> (MailingSetting:MailingSetting) ''>, <URLPattern 'message_delete/<int:pk>/' [name='message_delete']>], [<URLResolver <module 'MailingSetting.urls' from 'C:\\Users\\admin\\PycharmProjects\\coure_django6\\MailingSetting\\urls.py'> (MailingSetting:MailingSetting) ''>, <URLPattern 'mailing_launched/<int:pk>/' [name='mailing_launched']>], [<URLResolver <module 'MailingSetting.urls' from 'C:\\Users\\admin\\PycharmProjects\\coure_django6\\MailingSetting\\urls.py'> (MailingSetting:MailingSetting) ''>, <URLPattern 'mailing_completed/<int:pk>/' [name='mailing_completed']>], [<URLResolver <module 'MailingSetting.urls' from 'C:\\Users\\admin\\PycharmProjects\\coure_django6\\MailingSetting\\urls.py'> (MailingSetting:MailingSetting) ''>, <URLPattern 'mailing_list/' [name='mailing_list']>], [<URLResolver <module 'MailingSetting.urls' from 'C:\\Users\\admin\\PycharmProjects\\coure_django6\\MailingSetting\\urls.py'> (MailingSetting:MailingSetting) ''>, <URLPattern 'mailing_detail/<int:pk>/' [name='mailing_detail']>], [<URLResolver <module 'MailingSetting.urls' from 'C:\\Users\\admin\\PycharmProjects\\coure_django6\\MailingSetting\\urls.py'> (MailingSetting:MailingSetting) ''>, <URLPattern 'mailing_update/<int:pk>/' [name='mailing_update']>], [<URLResolver <module 'MailingSetting.urls' from 'C:\\Users\\admin\\PycharmProjects\\coure_django6\\MailingSetting\\urls.py'> (MailingSetting:MailingSetting) ''>, <URLPattern 'mailing_delete/<int:pk>/' [name='mailing_delete']>], [<URLResolver <module 'MailingSetting.urls' from 'C:\\Users\\admin\\PycharmProjects\\coure_django6\\MailingSetting\\urls.py'> (MailingSetting:MailingSetting) ''>, <URLPattern 'mailing_create/' [name='mailing_create']>], [<URLResolver <module 'MailingSetting.urls' from 'C:\\Users\\admin\\PycharmProjects\\coure_django6\\MailingSetting\\urls.py'> (MailingSetting:MailingSetting) ''>, <URLPattern 'attempt/' [name='attempt']>], [<URLResolver <module 'MailingSetting.urls' from 'C:\\Users\\admin\\PycharmProjects\\coure_django6\\MailingSetting\\urls.py'> (MailingSetting:MailingSetting) ''>, <URLPattern 'logs_scheduler/<int:pk>/' [name='logs_scheduler']>], [<URLResolver <module 'UserService.urls' from 'C:\\Users\\admin\\PycharmProjects\\coure_django6\\UserService\\urls.py'> (UserService:UserService) 'UserService/'>], [<URLResolver <module 'Blog.urls' from 'C:\\Users\\admin\\PycharmProjects\\coure_django6\\Blog\\urls.py'> (Blog:Blog) 'Blog/'>], [<URLPattern '^media/(?P<path>.*)$'>]], 'path': 'favicon.ico'}

During handling of the above exception, another exception occurred:

Traceback (most recent call last):
  File "C:\Users\admin\PycharmProjects\coure_django6\.venv\Lib\site-packages\django\template\base.py", line 875, in _resolve_lookup
    current = current[bit]
              ~~~~~~~^^^^^
TypeError: 'URLResolver' object is not subscriptable

During handling of the above exception, another exception occurred:

Traceback (most recent call last):
  File "C:\Users\admin\PycharmProjects\coure_django6\.venv\Lib\site-packages\django\template\base.py", line 885, in _resolve_lookup
    current = getattr(current, bit)
              ^^^^^^^^^^^^^^^^^^^^^
AttributeError: 'URLResolver' object has no attribute 'name'

During handling of the above exception, another exception occurred:

Traceback (most recent call last):
  File "C:\Users\admin\PycharmProjects\coure_django6\.venv\Lib\site-packages\django\template\base.py", line 891, in _resolve_lookup
    current = current[int(bit)]
                      ^^^^^^^^
ValueError: invalid literal for int() with base 10: 'name'

During handling of the above exception, another exception occurred:

Traceback (most recent call last):
  File "C:\Users\admin\PycharmProjects\coure_django6\.venv\Lib\site-packages\django\template\base.py", line 898, in _resolve_lookup
    raise VariableDoesNotExist(
django.template.base.VariableDoesNotExist: Failed lookup for key [name] in <URLResolver <URLPattern list> (admin:admin) 'admin/'>
Exception while resolving variable 'name' in template 'unknown'.
Traceback (most recent call last):
  File "C:\Users\admin\PycharmProjects\coure_django6\.venv\Lib\site-packages\django\core\handlers\exception.py", line 55, in inner
    response = get_response(request)
               ^^^^^^^^^^^^^^^^^^^^^
  File "C:\Users\admin\PycharmProjects\coure_django6\.venv\Lib\site-packages\django\core\handlers\base.py", line 181, in _get_response
    callback, callback_args, callback_kwargs = self.resolve_request(request)
                                               ^^^^^^^^^^^^^^^^^^^^^^^^^^^^^
  File "C:\Users\admin\PycharmProjects\coure_django6\.venv\Lib\site-packages\django\core\handlers\base.py", line 313, in resolve_request
    resolver_match = resolver.resolve(request.path_info)
                     ^^^^^^^^^^^^^^^^^^^^^^^^^^^^^^^^^^^
  File "C:\Users\admin\PycharmProjects\coure_django6\.venv\Lib\site-packages\django\urls\resolvers.py", line 725, in resolve
    raise Resolver404({"tried": tried, "path": new_path})
django.urls.exceptions.Resolver404: {'tried': [[<URLResolver <URLPattern list> (admin:admin) 'admin/'>], [<URLResolver <module 'MailingSetting.urls' from 'C:\\Users\\admin\\PycharmProjects\\coure_django6\\MailingSetting\\urls.py'> (MailingSetting:MailingSetting) ''>, <URLPattern '' [name='message_list']>], [<URLResolver <module 'MailingSetting.urls' from 'C:\\Users\\admin\\PycharmProjects\\coure_django6\\MailingSetting\\urls.py'> (MailingSetting:MailingSetting) ''>, <URLPattern 'message_create/' [name='message_create']>], [<URLResolver <module 'MailingSetting.urls' from 'C:\\Users\\admin\\PycharmProjects\\coure_django6\\MailingSetting\\urls.py'> (MailingSetting:MailingSetting) ''>, <URLPattern 'message_detail/<int:pk>/' [name='message_detail']>], [<URLResolver <module 'MailingSetting.urls' from 'C:\\Users\\admin\\PycharmProjects\\coure_django6\\MailingSetting\\urls.py'> (MailingSetting:MailingSetting) ''>, <URLPattern 'message_update/<int:pk>/' [name='message_update']>], [<URLResolver <module 'MailingSetting.urls' from 'C:\\Users\\admin\\PycharmProjects\\coure_django6\\MailingSetting\\urls.py'> (MailingSetting:MailingSetting) ''>, <URLPattern 'message_delete/<int:pk>/' [name='message_delete']>], [<URLResolver <module 'MailingSetting.urls' from 'C:\\Users\\admin\\PycharmProjects\\coure_django6\\MailingSetting\\urls.py'> (MailingSetting:MailingSetting) ''>, <URLPattern 'mailing_launched/<int:pk>/' [name='mailing_launched']>], [<URLResolver <module 'MailingSetting.urls' from 'C:\\Users\\admin\\PycharmProjects\\coure_django6\\MailingSetting\\urls.py'> (MailingSetting:MailingSetting) ''>, <URLPattern 'mailing_completed/<int:pk>/' [name='mailing_completed']>], [<URLResolver <module 'MailingSetting.urls' from 'C:\\Users\\admin\\PycharmProjects\\coure_django6\\MailingSetting\\urls.py'> (MailingSetting:MailingSetting) ''>, <URLPattern 'mailing_list/' [name='mailing_list']>], [<URLResolver <module 'MailingSetting.urls' from 'C:\\Users\\admin\\PycharmProjects\\coure_django6\\MailingSetting\\urls.py'> (MailingSetting:MailingSetting) ''>, <URLPattern 'mailing_detail/<int:pk>/' [name='mailing_detail']>], [<URLResolver <module 'MailingSetting.urls' from 'C:\\Users\\admin\\PycharmProjects\\coure_django6\\MailingSetting\\urls.py'> (MailingSetting:MailingSetting) ''>, <URLPattern 'mailing_update/<int:pk>/' [name='mailing_update']>], [<URLResolver <module 'MailingSetting.urls' from 'C:\\Users\\admin\\PycharmProjects\\coure_django6\\MailingSetting\\urls.py'> (MailingSetting:MailingSetting) ''>, <URLPattern 'mailing_delete/<int:pk>/' [name='mailing_delete']>], [<URLResolver <module 'MailingSetting.urls' from 'C:\\Users\\admin\\PycharmProjects\\coure_django6\\MailingSetting\\urls.py'> (MailingSetting:MailingSetting) ''>, <URLPattern 'mailing_create/' [name='mailing_create']>], [<URLResolver <module 'MailingSetting.urls' from 'C:\\Users\\admin\\PycharmProjects\\coure_django6\\MailingSetting\\urls.py'> (MailingSetting:MailingSetting) ''>, <URLPattern 'attempt/' [name='attempt']>], [<URLResolver <module 'MailingSetting.urls' from 'C:\\Users\\admin\\PycharmProjects\\coure_django6\\MailingSetting\\urls.py'> (MailingSetting:MailingSetting) ''>, <URLPattern 'logs_scheduler/<int:pk>/' [name='logs_scheduler']>], [<URLResolver <module 'UserService.urls' from 'C:\\Users\\admin\\PycharmProjects\\coure_django6\\UserService\\urls.py'> (UserService:UserService) 'UserService/'>], [<URLResolver <module 'Blog.urls' from 'C:\\Users\\admin\\PycharmProjects\\coure_django6\\Blog\\urls.py'> (Blog:Blog) 'Blog/'>], [<URLPattern '^media/(?P<path>.*)$'>]], 'path': 'favicon.ico'}

During handling of the above exception, another exception occurred:

Traceback (most recent call last):
  File "C:\Users\admin\PycharmProjects\coure_django6\.venv\Lib\site-packages\django\template\base.py", line 875, in _resolve_lookup
    current = current[bit]
              ~~~~~~~^^^^^
TypeError: 'URLResolver' object is not subscriptable

During handling of the above exception, another exception occurred:

Traceback (most recent call last):
  File "C:\Users\admin\PycharmProjects\coure_django6\.venv\Lib\site-packages\django\template\base.py", line 885, in _resolve_lookup
    current = getattr(current, bit)
              ^^^^^^^^^^^^^^^^^^^^^
AttributeError: 'URLResolver' object has no attribute 'name'

During handling of the above exception, another exception occurred:

Traceback (most recent call last):
  File "C:\Users\admin\PycharmProjects\coure_django6\.venv\Lib\site-packages\django\template\base.py", line 891, in _resolve_lookup
    current = current[int(bit)]
                      ^^^^^^^^
ValueError: invalid literal for int() with base 10: 'name'

During handling of the above exception, another exception occurred:

Traceback (most recent call last):
  File "C:\Users\admin\PycharmProjects\coure_django6\.venv\Lib\site-packages\django\template\base.py", line 898, in _resolve_lookup
    raise VariableDoesNotExist(
django.template.base.VariableDoesNotExist: Failed lookup for key [name] in <URLResolver <module 'UserService.urls' from 'C:\\Users\\admin\\PycharmProjects\\coure_django6\\UserService\\urls.py'> (UserService:UserService) 'UserService/'>
Exception while resolving variable 'name' in template 'unknown'.
Traceback (most recent call last):
  File "C:\Users\admin\PycharmProjects\coure_django6\.venv\Lib\site-packages\django\core\handlers\exception.py", line 55, in inner
    response = get_response(request)
               ^^^^^^^^^^^^^^^^^^^^^
  File "C:\Users\admin\PycharmProjects\coure_django6\.venv\Lib\site-packages\django\core\handlers\base.py", line 181, in _get_response
    callback, callback_args, callback_kwargs = self.resolve_request(request)
                                               ^^^^^^^^^^^^^^^^^^^^^^^^^^^^^
  File "C:\Users\admin\PycharmProjects\coure_django6\.venv\Lib\site-packages\django\core\handlers\base.py", line 313, in resolve_request
    resolver_match = resolver.resolve(request.path_info)
                     ^^^^^^^^^^^^^^^^^^^^^^^^^^^^^^^^^^^
  File "C:\Users\admin\PycharmProjects\coure_django6\.venv\Lib\site-packages\django\urls\resolvers.py", line 725, in resolve
    raise Resolver404({"tried": tried, "path": new_path})
django.urls.exceptions.Resolver404: {'tried': [[<URLResolver <URLPattern list> (admin:admin) 'admin/'>], [<URLResolver <module 'MailingSetting.urls' from 'C:\\Users\\admin\\PycharmProjects\\coure_django6\\MailingSetting\\urls.py'> (MailingSetting:MailingSetting) ''>, <URLPattern '' [name='message_list']>], [<URLResolver <module 'MailingSetting.urls' from 'C:\\Users\\admin\\PycharmProjects\\coure_django6\\MailingSetting\\urls.py'> (MailingSetting:MailingSetting) ''>, <URLPattern 'message_create/' [name='message_create']>], [<URLResolver <module 'MailingSetting.urls' from 'C:\\Users\\admin\\PycharmProjects\\coure_django6\\MailingSetting\\urls.py'> (MailingSetting:MailingSetting) ''>, <URLPattern 'message_detail/<int:pk>/' [name='message_detail']>], [<URLResolver <module 'MailingSetting.urls' from 'C:\\Users\\admin\\PycharmProjects\\coure_django6\\MailingSetting\\urls.py'> (MailingSetting:MailingSetting) ''>, <URLPattern 'message_update/<int:pk>/' [name='message_update']>], [<URLResolver <module 'MailingSetting.urls' from 'C:\\Users\\admin\\PycharmProjects\\coure_django6\\MailingSetting\\urls.py'> (MailingSetting:MailingSetting) ''>, <URLPattern 'message_delete/<int:pk>/' [name='message_delete']>], [<URLResolver <module 'MailingSetting.urls' from 'C:\\Users\\admin\\PycharmProjects\\coure_django6\\MailingSetting\\urls.py'> (MailingSetting:MailingSetting) ''>, <URLPattern 'mailing_launched/<int:pk>/' [name='mailing_launched']>], [<URLResolver <module 'MailingSetting.urls' from 'C:\\Users\\admin\\PycharmProjects\\coure_django6\\MailingSetting\\urls.py'> (MailingSetting:MailingSetting) ''>, <URLPattern 'mailing_completed/<int:pk>/' [name='mailing_completed']>], [<URLResolver <module 'MailingSetting.urls' from 'C:\\Users\\admin\\PycharmProjects\\coure_django6\\MailingSetting\\urls.py'> (MailingSetting:MailingSetting) ''>, <URLPattern 'mailing_list/' [name='mailing_list']>], [<URLResolver <module 'MailingSetting.urls' from 'C:\\Users\\admin\\PycharmProjects\\coure_django6\\MailingSetting\\urls.py'> (MailingSetting:MailingSetting) ''>, <URLPattern 'mailing_detail/<int:pk>/' [name='mailing_detail']>], [<URLResolver <module 'MailingSetting.urls' from 'C:\\Users\\admin\\PycharmProjects\\coure_django6\\MailingSetting\\urls.py'> (MailingSetting:MailingSetting) ''>, <URLPattern 'mailing_update/<int:pk>/' [name='mailing_update']>], [<URLResolver <module 'MailingSetting.urls' from 'C:\\Users\\admin\\PycharmProjects\\coure_django6\\MailingSetting\\urls.py'> (MailingSetting:MailingSetting) ''>, <URLPattern 'mailing_delete/<int:pk>/' [name='mailing_delete']>], [<URLResolver <module 'MailingSetting.urls' from 'C:\\Users\\admin\\PycharmProjects\\coure_django6\\MailingSetting\\urls.py'> (MailingSetting:MailingSetting) ''>, <URLPattern 'mailing_create/' [name='mailing_create']>], [<URLResolver <module 'MailingSetting.urls' from 'C:\\Users\\admin\\PycharmProjects\\coure_django6\\MailingSetting\\urls.py'> (MailingSetting:MailingSetting) ''>, <URLPattern 'attempt/' [name='attempt']>], [<URLResolver <module 'MailingSetting.urls' from 'C:\\Users\\admin\\PycharmProjects\\coure_django6\\MailingSetting\\urls.py'> (MailingSetting:MailingSetting) ''>, <URLPattern 'logs_scheduler/<int:pk>/' [name='logs_scheduler']>], [<URLResolver <module 'UserService.urls' from 'C:\\Users\\admin\\PycharmProjects\\coure_django6\\UserService\\urls.py'> (UserService:UserService) 'UserService/'>], [<URLResolver <module 'Blog.urls' from 'C:\\Users\\admin\\PycharmProjects\\coure_django6\\Blog\\urls.py'> (Blog:Blog) 'Blog/'>], [<URLPattern '^media/(?P<path>.*)$'>]], 'path': 'favicon.ico'}

During handling of the above exception, another exception occurred:

Traceback (most recent call last):
  File "C:\Users\admin\PycharmProjects\coure_django6\.venv\Lib\site-packages\django\template\base.py", line 875, in _resolve_lookup
    current = current[bit]
              ~~~~~~~^^^^^
TypeError: 'URLResolver' object is not subscriptable

During handling of the above exception, another exception occurred:

Traceback (most recent call last):
  File "C:\Users\admin\PycharmProjects\coure_django6\.venv\Lib\site-packages\django\template\base.py", line 885, in _resolve_lookup
    current = getattr(current, bit)
              ^^^^^^^^^^^^^^^^^^^^^
AttributeError: 'URLResolver' object has no attribute 'name'

During handling of the above exception, another exception occurred:

Traceback (most recent call last):
  File "C:\Users\admin\PycharmProjects\coure_django6\.venv\Lib\site-packages\django\template\base.py", line 891, in _resolve_lookup
    current = current[int(bit)]
                      ^^^^^^^^
ValueError: invalid literal for int() with base 10: 'name'

During handling of the above exception, another exception occurred:

Traceback (most recent call last):
  File "C:\Users\admin\PycharmProjects\coure_django6\.venv\Lib\site-packages\django\template\base.py", line 898, in _resolve_lookup
    raise VariableDoesNotExist(
django.template.base.VariableDoesNotExist: Failed lookup for key [name] in <URLResolver <module 'Blog.urls' from 'C:\\Users\\admin\\PycharmProjects\\coure_django6\\Blog\\urls.py'> (Blog:Blog) 'Blog/'>
Not Found: /favicon.ico
Internal Server Error: /admin/UserService/serviceclient/
Traceback (most recent call last):
  File "C:\Users\admin\PycharmProjects\coure_django6\.venv\Lib\site-packages\django\db\models\options.py", line 681, in get_field
    return self.fields_map[field_name]
           ~~~~~~~~~~~~~~~^^^^^^^^^^^^
KeyError: 'get_user_email'

During handling of the above exception, another exception occurred:

Traceback (most recent call last):
  File "C:\Users\admin\PycharmProjects\coure_django6\.venv\Lib\site-packages\django\contrib\admin\utils.py", line 289, in lookup_field
    f = _get_non_gfk_field(opts, name)
        ^^^^^^^^^^^^^^^^^^^^^^^^^^^^^^
  File "C:\Users\admin\PycharmProjects\coure_django6\.venv\Lib\site-packages\django\contrib\admin\utils.py", line 322, in _get_non_gfk_field
    field = opts.get_field(name)
            ^^^^^^^^^^^^^^^^^^^^
  File "C:\Users\admin\PycharmProjects\coure_django6\.venv\Lib\site-packages\django\db\models\options.py", line 683, in get_field
    raise FieldDoesNotExist(
django.core.exceptions.FieldDoesNotExist: ServiceClient has no field named 'get_user_email'

During handling of the above exception, another exception occurred:

Traceback (most recent call last):
  File "C:\Users\admin\PycharmProjects\coure_django6\.venv\Lib\site-packages\django\core\handlers\exception.py", line 55, in inner
    response = get_response(request)
               ^^^^^^^^^^^^^^^^^^^^^
  File "C:\Users\admin\PycharmProjects\coure_django6\.venv\Lib\site-packages\django\core\handlers\base.py", line 220, in _get_response
    response = response.render()
               ^^^^^^^^^^^^^^^^^
  File "C:\Users\admin\PycharmProjects\coure_django6\.venv\Lib\site-packages\django\template\response.py", line 114, in render
    self.content = self.rendered_content
                   ^^^^^^^^^^^^^^^^^^^^^
  File "C:\Users\admin\PycharmProjects\coure_django6\.venv\Lib\site-packages\django\template\response.py", line 92, in rendered_content
    return template.render(context, self._request)
           ^^^^^^^^^^^^^^^^^^^^^^^^^^^^^^^^^^^^^^^
  File "C:\Users\admin\PycharmProjects\coure_django6\.venv\Lib\site-packages\django\template\backends\django.py", line 61, in render
    return self.template.render(context)
           ^^^^^^^^^^^^^^^^^^^^^^^^^^^^^
  File "C:\Users\admin\PycharmProjects\coure_django6\.venv\Lib\site-packages\django\template\base.py", line 171, in render
    return self._render(context)
           ^^^^^^^^^^^^^^^^^^^^^
  File "C:\Users\admin\PycharmProjects\coure_django6\.venv\Lib\site-packages\django\template\base.py", line 163, in _render
    return self.nodelist.render(context)
           ^^^^^^^^^^^^^^^^^^^^^^^^^^^^^
  File "C:\Users\admin\PycharmProjects\coure_django6\.venv\Lib\site-packages\django\template\base.py", line 1000, in render
    return SafeString("".join([node.render_annotated(context) for node in self]))
                              ^^^^^^^^^^^^^^^^^^^^^^^^^^^^^^^^^^^^^^^^^^^^^^^^^
  File "C:\Users\admin\PycharmProjects\coure_django6\.venv\Lib\site-packages\django\template\base.py", line 1000, in <listcomp>
    return SafeString("".join([node.render_annotated(context) for node in self]))
                               ^^^^^^^^^^^^^^^^^^^^^^^^^^^^^^
  File "C:\Users\admin\PycharmProjects\coure_django6\.venv\Lib\site-packages\django\template\base.py", line 961, in render_annotated
    return self.render(context)
           ^^^^^^^^^^^^^^^^^^^^
  File "C:\Users\admin\PycharmProjects\coure_django6\.venv\Lib\site-packages\django\template\loader_tags.py", line 159, in render
    return compiled_parent._render(context)
           ^^^^^^^^^^^^^^^^^^^^^^^^^^^^^^^^
  File "C:\Users\admin\PycharmProjects\coure_django6\.venv\Lib\site-packages\django\template\base.py", line 163, in _render
    return self.nodelist.render(context)
           ^^^^^^^^^^^^^^^^^^^^^^^^^^^^^
  File "C:\Users\admin\PycharmProjects\coure_django6\.venv\Lib\site-packages\django\template\base.py", line 1000, in render
    return SafeString("".join([node.render_annotated(context) for node in self]))
                              ^^^^^^^^^^^^^^^^^^^^^^^^^^^^^^^^^^^^^^^^^^^^^^^^^
  File "C:\Users\admin\PycharmProjects\coure_django6\.venv\Lib\site-packages\django\template\base.py", line 1000, in <listcomp>
    return SafeString("".join([node.render_annotated(context) for node in self]))
                               ^^^^^^^^^^^^^^^^^^^^^^^^^^^^^^
  File "C:\Users\admin\PycharmProjects\coure_django6\.venv\Lib\site-packages\django\template\base.py", line 961, in render_annotated
    return self.render(context)
           ^^^^^^^^^^^^^^^^^^^^
  File "C:\Users\admin\PycharmProjects\coure_django6\.venv\Lib\site-packages\django\template\loader_tags.py", line 159, in render
    return compiled_parent._render(context)
           ^^^^^^^^^^^^^^^^^^^^^^^^^^^^^^^^
  File "C:\Users\admin\PycharmProjects\coure_django6\.venv\Lib\site-packages\django\template\base.py", line 163, in _render
    return self.nodelist.render(context)
           ^^^^^^^^^^^^^^^^^^^^^^^^^^^^^
  File "C:\Users\admin\PycharmProjects\coure_django6\.venv\Lib\site-packages\django\template\base.py", line 1000, in render
    return SafeString("".join([node.render_annotated(context) for node in self]))
                              ^^^^^^^^^^^^^^^^^^^^^^^^^^^^^^^^^^^^^^^^^^^^^^^^^
  File "C:\Users\admin\PycharmProjects\coure_django6\.venv\Lib\site-packages\django\template\base.py", line 1000, in <listcomp>
    return SafeString("".join([node.render_annotated(context) for node in self]))
                               ^^^^^^^^^^^^^^^^^^^^^^^^^^^^^^
  File "C:\Users\admin\PycharmProjects\coure_django6\.venv\Lib\site-packages\django\template\base.py", line 961, in render_annotated
    return self.render(context)
           ^^^^^^^^^^^^^^^^^^^^
  File "C:\Users\admin\PycharmProjects\coure_django6\.venv\Lib\site-packages\django\template\loader_tags.py", line 65, in render
    result = block.nodelist.render(context)
             ^^^^^^^^^^^^^^^^^^^^^^^^^^^^^^
  File "C:\Users\admin\PycharmProjects\coure_django6\.venv\Lib\site-packages\django\template\base.py", line 1000, in render
    return SafeString("".join([node.render_annotated(context) for node in self]))
                              ^^^^^^^^^^^^^^^^^^^^^^^^^^^^^^^^^^^^^^^^^^^^^^^^^
  File "C:\Users\admin\PycharmProjects\coure_django6\.venv\Lib\site-packages\django\template\base.py", line 1000, in <listcomp>
    return SafeString("".join([node.render_annotated(context) for node in self]))
                               ^^^^^^^^^^^^^^^^^^^^^^^^^^^^^^
  File "C:\Users\admin\PycharmProjects\coure_django6\.venv\Lib\site-packages\django\template\base.py", line 961, in render_annotated
    return self.render(context)
           ^^^^^^^^^^^^^^^^^^^^
  File "C:\Users\admin\PycharmProjects\coure_django6\.venv\Lib\site-packages\django\template\loader_tags.py", line 65, in render
    result = block.nodelist.render(context)
             ^^^^^^^^^^^^^^^^^^^^^^^^^^^^^^
  File "C:\Users\admin\PycharmProjects\coure_django6\.venv\Lib\site-packages\django\template\base.py", line 1000, in render
    return SafeString("".join([node.render_annotated(context) for node in self]))
                              ^^^^^^^^^^^^^^^^^^^^^^^^^^^^^^^^^^^^^^^^^^^^^^^^^
  File "C:\Users\admin\PycharmProjects\coure_django6\.venv\Lib\site-packages\django\template\base.py", line 1000, in <listcomp>
    return SafeString("".join([node.render_annotated(context) for node in self]))
                               ^^^^^^^^^^^^^^^^^^^^^^^^^^^^^^
  File "C:\Users\admin\PycharmProjects\coure_django6\.venv\Lib\site-packages\django\template\base.py", line 961, in render_annotated
    return self.render(context)
           ^^^^^^^^^^^^^^^^^^^^
  File "C:\Users\admin\PycharmProjects\coure_django6\.venv\Lib\site-packages\django\contrib\admin\templatetags\base.py", line 45, in render
    return super().render(context)
           ^^^^^^^^^^^^^^^^^^^^^^^
  File "C:\Users\admin\PycharmProjects\coure_django6\.venv\Lib\site-packages\django\template\library.py", line 258, in render
    _dict = self.func(*resolved_args, **resolved_kwargs)
            ^^^^^^^^^^^^^^^^^^^^^^^^^^^^^^^^^^^^^^^^^^^^
  File "C:\Users\admin\PycharmProjects\coure_django6\.venv\Lib\site-packages\django\contrib\admin\templatetags\admin_list.py", line 345, in result_list
    "results": list(results(cl)),
               ^^^^^^^^^^^^^^^^^
  File "C:\Users\admin\PycharmProjects\coure_django6\.venv\Lib\site-packages\django\contrib\admin\templatetags\admin_list.py", line 321, in results
    yield ResultList(None, items_for_result(cl, res, None))
          ^^^^^^^^^^^^^^^^^^^^^^^^^^^^^^^^^^^^^^^^^^^^^^^^^
  File "C:\Users\admin\PycharmProjects\coure_django6\.venv\Lib\site-packages\django\contrib\admin\templatetags\admin_list.py", line 312, in __init__
    super().__init__(*items)
  File "C:\Users\admin\PycharmProjects\coure_django6\.venv\Lib\site-packages\django\contrib\admin\templatetags\admin_list.py", line 217, in items_for_result
    f, attr, value = lookup_field(field_name, result, cl.model_admin)
                     ^^^^^^^^^^^^^^^^^^^^^^^^^^^^^^^^^^^^^^^^^^^^^^^^
  File "C:\Users\admin\PycharmProjects\coure_django6\.venv\Lib\site-packages\django\contrib\admin\utils.py", line 298, in lookup_field
    value = attr(obj)
            ^^^^^^^^^
  File "C:\Users\admin\PycharmProjects\coure_django6\UserService\admin.py", line 24, in get_user_email
    return obj.user.email
           ^^^^^^^^
AttributeError: 'ServiceClient' object has no attribute 'user'
"GET /admin/UserService/serviceclient/ HTTP/1.1" 500 363370
Internal Server Error: /admin/UserService/serviceclient/
Traceback (most recent call last):
  File "C:\Users\admin\PycharmProjects\coure_django6\.venv\Lib\site-packages\django\db\models\options.py", line 681, in get_field
    return self.fields_map[field_name]
           ~~~~~~~~~~~~~~~^^^^^^^^^^^^
KeyError: 'get_user_email'

During handling of the above exception, another exception occurred:

Traceback (most recent call last):
  File "C:\Users\admin\PycharmProjects\coure_django6\.venv\Lib\site-packages\django\contrib\admin\utils.py", line 289, in lookup_field
    f = _get_non_gfk_field(opts, name)
        ^^^^^^^^^^^^^^^^^^^^^^^^^^^^^^
  File "C:\Users\admin\PycharmProjects\coure_django6\.venv\Lib\site-packages\django\contrib\admin\utils.py", line 322, in _get_non_gfk_field
    field = opts.get_field(name)
            ^^^^^^^^^^^^^^^^^^^^
  File "C:\Users\admin\PycharmProjects\coure_django6\.venv\Lib\site-packages\django\db\models\options.py", line 683, in get_field
    raise FieldDoesNotExist(
django.core.exceptions.FieldDoesNotExist: ServiceClient has no field named 'get_user_email'

During handling of the above exception, another exception occurred:

Traceback (most recent call last):
  File "C:\Users\admin\PycharmProjects\coure_django6\.venv\Lib\site-packages\django\core\handlers\exception.py", line 55, in inner
    response = get_response(request)
               ^^^^^^^^^^^^^^^^^^^^^
  File "C:\Users\admin\PycharmProjects\coure_django6\.venv\Lib\site-packages\django\core\handlers\base.py", line 220, in _get_response
    response = response.render()
               ^^^^^^^^^^^^^^^^^
  File "C:\Users\admin\PycharmProjects\coure_django6\.venv\Lib\site-packages\django\template\response.py", line 114, in render
    self.content = self.rendered_content
                   ^^^^^^^^^^^^^^^^^^^^^
  File "C:\Users\admin\PycharmProjects\coure_django6\.venv\Lib\site-packages\django\template\response.py", line 92, in rendered_content
    return template.render(context, self._request)
           ^^^^^^^^^^^^^^^^^^^^^^^^^^^^^^^^^^^^^^^
  File "C:\Users\admin\PycharmProjects\coure_django6\.venv\Lib\site-packages\django\template\backends\django.py", line 61, in render
    return self.template.render(context)
           ^^^^^^^^^^^^^^^^^^^^^^^^^^^^^
  File "C:\Users\admin\PycharmProjects\coure_django6\.venv\Lib\site-packages\django\template\base.py", line 171, in render
    return self._render(context)
           ^^^^^^^^^^^^^^^^^^^^^
  File "C:\Users\admin\PycharmProjects\coure_django6\.venv\Lib\site-packages\django\template\base.py", line 163, in _render
    return self.nodelist.render(context)
           ^^^^^^^^^^^^^^^^^^^^^^^^^^^^^
  File "C:\Users\admin\PycharmProjects\coure_django6\.venv\Lib\site-packages\django\template\base.py", line 1000, in render
    return SafeString("".join([node.render_annotated(context) for node in self]))
                              ^^^^^^^^^^^^^^^^^^^^^^^^^^^^^^^^^^^^^^^^^^^^^^^^^
  File "C:\Users\admin\PycharmProjects\coure_django6\.venv\Lib\site-packages\django\template\base.py", line 1000, in <listcomp>
    return SafeString("".join([node.render_annotated(context) for node in self]))
                               ^^^^^^^^^^^^^^^^^^^^^^^^^^^^^^
  File "C:\Users\admin\PycharmProjects\coure_django6\.venv\Lib\site-packages\django\template\base.py", line 961, in render_annotated
    return self.render(context)
           ^^^^^^^^^^^^^^^^^^^^
  File "C:\Users\admin\PycharmProjects\coure_django6\.venv\Lib\site-packages\django\template\loader_tags.py", line 159, in render
    return compiled_parent._render(context)
           ^^^^^^^^^^^^^^^^^^^^^^^^^^^^^^^^
  File "C:\Users\admin\PycharmProjects\coure_django6\.venv\Lib\site-packages\django\template\base.py", line 163, in _render
    return self.nodelist.render(context)
           ^^^^^^^^^^^^^^^^^^^^^^^^^^^^^
  File "C:\Users\admin\PycharmProjects\coure_django6\.venv\Lib\site-packages\django\template\base.py", line 1000, in render
    return SafeString("".join([node.render_annotated(context) for node in self]))
                              ^^^^^^^^^^^^^^^^^^^^^^^^^^^^^^^^^^^^^^^^^^^^^^^^^
  File "C:\Users\admin\PycharmProjects\coure_django6\.venv\Lib\site-packages\django\template\base.py", line 1000, in <listcomp>
    return SafeString("".join([node.render_annotated(context) for node in self]))
                               ^^^^^^^^^^^^^^^^^^^^^^^^^^^^^^
  File "C:\Users\admin\PycharmProjects\coure_django6\.venv\Lib\site-packages\django\template\base.py", line 961, in render_annotated
    return self.render(context)
           ^^^^^^^^^^^^^^^^^^^^
  File "C:\Users\admin\PycharmProjects\coure_django6\.venv\Lib\site-packages\django\template\loader_tags.py", line 159, in render
    return compiled_parent._render(context)
           ^^^^^^^^^^^^^^^^^^^^^^^^^^^^^^^^
  File "C:\Users\admin\PycharmProjects\coure_django6\.venv\Lib\site-packages\django\template\base.py", line 163, in _render
    return self.nodelist.render(context)
           ^^^^^^^^^^^^^^^^^^^^^^^^^^^^^
  File "C:\Users\admin\PycharmProjects\coure_django6\.venv\Lib\site-packages\django\template\base.py", line 1000, in render
    return SafeString("".join([node.render_annotated(context) for node in self]))
                              ^^^^^^^^^^^^^^^^^^^^^^^^^^^^^^^^^^^^^^^^^^^^^^^^^
  File "C:\Users\admin\PycharmProjects\coure_django6\.venv\Lib\site-packages\django\template\base.py", line 1000, in <listcomp>
    return SafeString("".join([node.render_annotated(context) for node in self]))
                               ^^^^^^^^^^^^^^^^^^^^^^^^^^^^^^
  File "C:\Users\admin\PycharmProjects\coure_django6\.venv\Lib\site-packages\django\template\base.py", line 961, in render_annotated
    return self.render(context)
           ^^^^^^^^^^^^^^^^^^^^
  File "C:\Users\admin\PycharmProjects\coure_django6\.venv\Lib\site-packages\django\template\loader_tags.py", line 65, in render
    result = block.nodelist.render(context)
             ^^^^^^^^^^^^^^^^^^^^^^^^^^^^^^
  File "C:\Users\admin\PycharmProjects\coure_django6\.venv\Lib\site-packages\django\template\base.py", line 1000, in render
    return SafeString("".join([node.render_annotated(context) for node in self]))
                              ^^^^^^^^^^^^^^^^^^^^^^^^^^^^^^^^^^^^^^^^^^^^^^^^^
  File "C:\Users\admin\PycharmProjects\coure_django6\.venv\Lib\site-packages\django\template\base.py", line 1000, in <listcomp>
    return SafeString("".join([node.render_annotated(context) for node in self]))
                               ^^^^^^^^^^^^^^^^^^^^^^^^^^^^^^
  File "C:\Users\admin\PycharmProjects\coure_django6\.venv\Lib\site-packages\django\template\base.py", line 961, in render_annotated
    return self.render(context)
           ^^^^^^^^^^^^^^^^^^^^
  File "C:\Users\admin\PycharmProjects\coure_django6\.venv\Lib\site-packages\django\template\loader_tags.py", line 65, in render
    result = block.nodelist.render(context)
             ^^^^^^^^^^^^^^^^^^^^^^^^^^^^^^
  File "C:\Users\admin\PycharmProjects\coure_django6\.venv\Lib\site-packages\django\template\base.py", line 1000, in render
    return SafeString("".join([node.render_annotated(context) for node in self]))
                              ^^^^^^^^^^^^^^^^^^^^^^^^^^^^^^^^^^^^^^^^^^^^^^^^^
  File "C:\Users\admin\PycharmProjects\coure_django6\.venv\Lib\site-packages\django\template\base.py", line 1000, in <listcomp>
    return SafeString("".join([node.render_annotated(context) for node in self]))
                               ^^^^^^^^^^^^^^^^^^^^^^^^^^^^^^
  File "C:\Users\admin\PycharmProjects\coure_django6\.venv\Lib\site-packages\django\template\base.py", line 961, in render_annotated
    return self.render(context)
           ^^^^^^^^^^^^^^^^^^^^
  File "C:\Users\admin\PycharmProjects\coure_django6\.venv\Lib\site-packages\django\contrib\admin\templatetags\base.py", line 45, in render
    return super().render(context)
           ^^^^^^^^^^^^^^^^^^^^^^^
  File "C:\Users\admin\PycharmProjects\coure_django6\.venv\Lib\site-packages\django\template\library.py", line 258, in render
    _dict = self.func(*resolved_args, **resolved_kwargs)
            ^^^^^^^^^^^^^^^^^^^^^^^^^^^^^^^^^^^^^^^^^^^^
  File "C:\Users\admin\PycharmProjects\coure_django6\.venv\Lib\site-packages\django\contrib\admin\templatetags\admin_list.py", line 345, in result_list
    "results": list(results(cl)),
               ^^^^^^^^^^^^^^^^^
  File "C:\Users\admin\PycharmProjects\coure_django6\.venv\Lib\site-packages\django\contrib\admin\templatetags\admin_list.py", line 321, in results
    yield ResultList(None, items_for_result(cl, res, None))
          ^^^^^^^^^^^^^^^^^^^^^^^^^^^^^^^^^^^^^^^^^^^^^^^^^
  File "C:\Users\admin\PycharmProjects\coure_django6\.venv\Lib\site-packages\django\contrib\admin\templatetags\admin_list.py", line 312, in __init__
    super().__init__(*items)
  File "C:\Users\admin\PycharmProjects\coure_django6\.venv\Lib\site-packages\django\contrib\admin\templatetags\admin_list.py", line 217, in items_for_result
    f, attr, value = lookup_field(field_name, result, cl.model_admin)
                     ^^^^^^^^^^^^^^^^^^^^^^^^^^^^^^^^^^^^^^^^^^^^^^^^
  File "C:\Users\admin\PycharmProjects\coure_django6\.venv\Lib\site-packages\django\contrib\admin\utils.py", line 298, in lookup_field
    value = attr(obj)
            ^^^^^^^^^
  File "C:\Users\admin\PycharmProjects\coure_django6\UserService\admin.py", line 24, in get_user_email
    return obj.user.email if obj.user else None
                             ^^^^^^^^
AttributeError: 'ServiceClient' object has no attribute 'user'
"GET /admin/UserService/serviceclient/ HTTP/1.1" 500 363543
Internal Server Error: /admin/UserService/serviceclient/
Traceback (most recent call last):
  File "C:\Users\admin\PycharmProjects\coure_django6\.venv\Lib\site-packages\django\db\models\options.py", line 681, in get_field
    return self.fields_map[field_name]
           ~~~~~~~~~~~~~~~^^^^^^^^^^^^
KeyError: 'get_user_email'

During handling of the above exception, another exception occurred:

Traceback (most recent call last):
  File "C:\Users\admin\PycharmProjects\coure_django6\.venv\Lib\site-packages\django\contrib\admin\utils.py", line 289, in lookup_field
    f = _get_non_gfk_field(opts, name)
        ^^^^^^^^^^^^^^^^^^^^^^^^^^^^^^
  File "C:\Users\admin\PycharmProjects\coure_django6\.venv\Lib\site-packages\django\contrib\admin\utils.py", line 322, in _get_non_gfk_field
    field = opts.get_field(name)
            ^^^^^^^^^^^^^^^^^^^^
  File "C:\Users\admin\PycharmProjects\coure_django6\.venv\Lib\site-packages\django\db\models\options.py", line 683, in get_field
    raise FieldDoesNotExist(
django.core.exceptions.FieldDoesNotExist: ServiceClient has no field named 'get_user_email'

During handling of the above exception, another exception occurred:

Traceback (most recent call last):
  File "C:\Users\admin\PycharmProjects\coure_django6\.venv\Lib\site-packages\django\core\handlers\exception.py", line 55, in inner
    response = get_response(request)
               ^^^^^^^^^^^^^^^^^^^^^
  File "C:\Users\admin\PycharmProjects\coure_django6\.venv\Lib\site-packages\django\core\handlers\base.py", line 220, in _get_response
    response = response.render()
               ^^^^^^^^^^^^^^^^^
  File "C:\Users\admin\PycharmProjects\coure_django6\.venv\Lib\site-packages\django\template\response.py", line 114, in render
    self.content = self.rendered_content
                   ^^^^^^^^^^^^^^^^^^^^^
  File "C:\Users\admin\PycharmProjects\coure_django6\.venv\Lib\site-packages\django\template\response.py", line 92, in rendered_content
    return template.render(context, self._request)
           ^^^^^^^^^^^^^^^^^^^^^^^^^^^^^^^^^^^^^^^
  File "C:\Users\admin\PycharmProjects\coure_django6\.venv\Lib\site-packages\django\template\backends\django.py", line 61, in render
    return self.template.render(context)
           ^^^^^^^^^^^^^^^^^^^^^^^^^^^^^
  File "C:\Users\admin\PycharmProjects\coure_django6\.venv\Lib\site-packages\django\template\base.py", line 171, in render
    return self._render(context)
           ^^^^^^^^^^^^^^^^^^^^^
  File "C:\Users\admin\PycharmProjects\coure_django6\.venv\Lib\site-packages\django\template\base.py", line 163, in _render
    return self.nodelist.render(context)
           ^^^^^^^^^^^^^^^^^^^^^^^^^^^^^
  File "C:\Users\admin\PycharmProjects\coure_django6\.venv\Lib\site-packages\django\template\base.py", line 1000, in render
    return SafeString("".join([node.render_annotated(context) for node in self]))
                              ^^^^^^^^^^^^^^^^^^^^^^^^^^^^^^^^^^^^^^^^^^^^^^^^^
  File "C:\Users\admin\PycharmProjects\coure_django6\.venv\Lib\site-packages\django\template\base.py", line 1000, in <listcomp>
    return SafeString("".join([node.render_annotated(context) for node in self]))
                               ^^^^^^^^^^^^^^^^^^^^^^^^^^^^^^
  File "C:\Users\admin\PycharmProjects\coure_django6\.venv\Lib\site-packages\django\template\base.py", line 961, in render_annotated
    return self.render(context)
           ^^^^^^^^^^^^^^^^^^^^
  File "C:\Users\admin\PycharmProjects\coure_django6\.venv\Lib\site-packages\django\template\loader_tags.py", line 159, in render
    return compiled_parent._render(context)
           ^^^^^^^^^^^^^^^^^^^^^^^^^^^^^^^^
  File "C:\Users\admin\PycharmProjects\coure_django6\.venv\Lib\site-packages\django\template\base.py", line 163, in _render
    return self.nodelist.render(context)
           ^^^^^^^^^^^^^^^^^^^^^^^^^^^^^
  File "C:\Users\admin\PycharmProjects\coure_django6\.venv\Lib\site-packages\django\template\base.py", line 1000, in render
    return SafeString("".join([node.render_annotated(context) for node in self]))
                              ^^^^^^^^^^^^^^^^^^^^^^^^^^^^^^^^^^^^^^^^^^^^^^^^^
  File "C:\Users\admin\PycharmProjects\coure_django6\.venv\Lib\site-packages\django\template\base.py", line 1000, in <listcomp>
    return SafeString("".join([node.render_annotated(context) for node in self]))
                               ^^^^^^^^^^^^^^^^^^^^^^^^^^^^^^
  File "C:\Users\admin\PycharmProjects\coure_django6\.venv\Lib\site-packages\django\template\base.py", line 961, in render_annotated
    return self.render(context)
           ^^^^^^^^^^^^^^^^^^^^
  File "C:\Users\admin\PycharmProjects\coure_django6\.venv\Lib\site-packages\django\template\loader_tags.py", line 159, in render
    return compiled_parent._render(context)
           ^^^^^^^^^^^^^^^^^^^^^^^^^^^^^^^^
  File "C:\Users\admin\PycharmProjects\coure_django6\.venv\Lib\site-packages\django\template\base.py", line 163, in _render
    return self.nodelist.render(context)
           ^^^^^^^^^^^^^^^^^^^^^^^^^^^^^
  File "C:\Users\admin\PycharmProjects\coure_django6\.venv\Lib\site-packages\django\template\base.py", line 1000, in render
    return SafeString("".join([node.render_annotated(context) for node in self]))
                              ^^^^^^^^^^^^^^^^^^^^^^^^^^^^^^^^^^^^^^^^^^^^^^^^^
  File "C:\Users\admin\PycharmProjects\coure_django6\.venv\Lib\site-packages\django\template\base.py", line 1000, in <listcomp>
    return SafeString("".join([node.render_annotated(context) for node in self]))
                               ^^^^^^^^^^^^^^^^^^^^^^^^^^^^^^
  File "C:\Users\admin\PycharmProjects\coure_django6\.venv\Lib\site-packages\django\template\base.py", line 961, in render_annotated
    return self.render(context)
           ^^^^^^^^^^^^^^^^^^^^
  File "C:\Users\admin\PycharmProjects\coure_django6\.venv\Lib\site-packages\django\template\loader_tags.py", line 65, in render
    result = block.nodelist.render(context)
             ^^^^^^^^^^^^^^^^^^^^^^^^^^^^^^
  File "C:\Users\admin\PycharmProjects\coure_django6\.venv\Lib\site-packages\django\template\base.py", line 1000, in render
    return SafeString("".join([node.render_annotated(context) for node in self]))
                              ^^^^^^^^^^^^^^^^^^^^^^^^^^^^^^^^^^^^^^^^^^^^^^^^^
  File "C:\Users\admin\PycharmProjects\coure_django6\.venv\Lib\site-packages\django\template\base.py", line 1000, in <listcomp>
    return SafeString("".join([node.render_annotated(context) for node in self]))
                               ^^^^^^^^^^^^^^^^^^^^^^^^^^^^^^
  File "C:\Users\admin\PycharmProjects\coure_django6\.venv\Lib\site-packages\django\template\base.py", line 961, in render_annotated
    return self.render(context)
           ^^^^^^^^^^^^^^^^^^^^
  File "C:\Users\admin\PycharmProjects\coure_django6\.venv\Lib\site-packages\django\template\loader_tags.py", line 65, in render
    result = block.nodelist.render(context)
             ^^^^^^^^^^^^^^^^^^^^^^^^^^^^^^
  File "C:\Users\admin\PycharmProjects\coure_django6\.venv\Lib\site-packages\django\template\base.py", line 1000, in render
    return SafeString("".join([node.render_annotated(context) for node in self]))
                              ^^^^^^^^^^^^^^^^^^^^^^^^^^^^^^^^^^^^^^^^^^^^^^^^^
  File "C:\Users\admin\PycharmProjects\coure_django6\.venv\Lib\site-packages\django\template\base.py", line 1000, in <listcomp>
    return SafeString("".join([node.render_annotated(context) for node in self]))
                               ^^^^^^^^^^^^^^^^^^^^^^^^^^^^^^
  File "C:\Users\admin\PycharmProjects\coure_django6\.venv\Lib\site-packages\django\template\base.py", line 961, in render_annotated
    return self.render(context)
           ^^^^^^^^^^^^^^^^^^^^
  File "C:\Users\admin\PycharmProjects\coure_django6\.venv\Lib\site-packages\django\contrib\admin\templatetags\base.py", line 45, in render
    return super().render(context)
           ^^^^^^^^^^^^^^^^^^^^^^^
  File "C:\Users\admin\PycharmProjects\coure_django6\.venv\Lib\site-packages\django\template\library.py", line 258, in render
    _dict = self.func(*resolved_args, **resolved_kwargs)
            ^^^^^^^^^^^^^^^^^^^^^^^^^^^^^^^^^^^^^^^^^^^^
  File "C:\Users\admin\PycharmProjects\coure_django6\.venv\Lib\site-packages\django\contrib\admin\templatetags\admin_list.py", line 345, in result_list
    "results": list(results(cl)),
               ^^^^^^^^^^^^^^^^^
  File "C:\Users\admin\PycharmProjects\coure_django6\.venv\Lib\site-packages\django\contrib\admin\templatetags\admin_list.py", line 321, in results
    yield ResultList(None, items_for_result(cl, res, None))
          ^^^^^^^^^^^^^^^^^^^^^^^^^^^^^^^^^^^^^^^^^^^^^^^^^
  File "C:\Users\admin\PycharmProjects\coure_django6\.venv\Lib\site-packages\django\contrib\admin\templatetags\admin_list.py", line 312, in __init__
    super().__init__(*items)
  File "C:\Users\admin\PycharmProjects\coure_django6\.venv\Lib\site-packages\django\contrib\admin\templatetags\admin_list.py", line 217, in items_for_result
    f, attr, value = lookup_field(field_name, result, cl.model_admin)
                     ^^^^^^^^^^^^^^^^^^^^^^^^^^^^^^^^^^^^^^^^^^^^^^^^
  File "C:\Users\admin\PycharmProjects\coure_django6\.venv\Lib\site-packages\django\contrib\admin\utils.py", line 298, in lookup_field
    value = attr(obj)
            ^^^^^^^^^
  File "C:\Users\admin\PycharmProjects\coure_django6\UserService\admin.py", line 24, in get_user_email
    return obj.user.email if obj.user else None
                             ^^^^^^^^
AttributeError: 'ServiceClient' object has no attribute 'user'
"GET /admin/UserService/serviceclient/ HTTP/1.1" 500 363406
Internal Server Error: /admin/login/
Traceback (most recent call last):
  File "C:\Users\admin\PycharmProjects\coure_django6\.venv\Lib\site-packages\django\core\handlers\exception.py", line 55, in inner
    response = get_response(request)
               ^^^^^^^^^^^^^^^^^^^^^
  File "C:\Users\admin\PycharmProjects\coure_django6\.venv\Lib\site-packages\django\core\handlers\base.py", line 197, in _get_response
    response = wrapped_callback(request, *callback_args, **callback_kwargs)
               ^^^^^^^^^^^^^^^^^^^^^^^^^^^^^^^^^^^^^^^^^^^^^^^^^^^^^^^^^^^^
  File "C:\Users\admin\PycharmProjects\coure_django6\.venv\Lib\site-packages\django\utils\decorators.py", line 48, in _wrapper
    return bound_method(*args, **kwargs)
           ^^^^^^^^^^^^^^^^^^^^^^^^^^^^^
  File "C:\Users\admin\PycharmProjects\coure_django6\.venv\Lib\site-packages\django\views\decorators\cache.py", line 80, in _view_wrapper
    response = view_func(request, *args, **kwargs)
               ^^^^^^^^^^^^^^^^^^^^^^^^^^^^^^^^^^^
  File "C:\Users\admin\PycharmProjects\coure_django6\.venv\Lib\site-packages\django\contrib\admin\sites.py", line 421, in login
    **self.each_context(request),
      ^^^^^^^^^^^^^^^^^^^^^^^^^^
  File "C:\Users\admin\PycharmProjects\coure_django6\.venv\Lib\site-packages\django\contrib\admin\sites.py", line 335, in each_context
    "available_apps": self.get_app_list(request),
                      ^^^^^^^^^^^^^^^^^^^^^^^^^^
  File "C:\Users\admin\PycharmProjects\coure_django6\.venv\Lib\site-packages\django\contrib\admin\sites.py", line 537, in get_app_list
    app_dict = self._build_app_dict(request, app_label)
               ^^^^^^^^^^^^^^^^^^^^^^^^^^^^^^^^^^^^^^^^
  File "C:\Users\admin\PycharmProjects\coure_django6\.venv\Lib\site-packages\django\contrib\admin\sites.py", line 479, in _build_app_dict
    has_module_perms = model_admin.has_module_permission(request)
                       ^^^^^^^^^^^^^^^^^^^^^^^^^^^^^^^^^^^^^^^^^^
  File "C:\Users\admin\PycharmProjects\coure_django6\.venv\Lib\site-packages\django\contrib\admin\options.py", line 638, in has_module_permission
    return request.user.has_module_perms(self.opts.app_label)
           ^^^^^^^^^^^^^^^^^^^^^^^^^^^^^^^^^^^^^^^^^^^^^^^^^^
  File "C:\Users\admin\PycharmProjects\coure_django6\.venv\Lib\site-packages\django\contrib\auth\models.py", line 488, in has_module_perms
    return _user_has_module_perms(self, module)
           ^^^^^^^^^^^^^^^^^^^^^^^^^^^^^^^^^^^^
  File "C:\Users\admin\PycharmProjects\coure_django6\.venv\Lib\site-packages\django\contrib\auth\models.py", line 231, in _user_has_module_perms
    for backend in auth.get_backends():
                   ^^^^^^^^^^^^^^^^^^^
  File "C:\Users\admin\PycharmProjects\coure_django6\.venv\Lib\site-packages\django\contrib\auth\__init__.py", line 40, in get_backends
    return _get_backends(return_tuples=False)
           ^^^^^^^^^^^^^^^^^^^^^^^^^^^^^^^^^^
  File "C:\Users\admin\PycharmProjects\coure_django6\.venv\Lib\site-packages\django\contrib\auth\__init__.py", line 29, in _get_backends
    backend = load_backend(backend_path)
              ^^^^^^^^^^^^^^^^^^^^^^^^^^
  File "C:\Users\admin\PycharmProjects\coure_django6\.venv\Lib\site-packages\django\contrib\auth\__init__.py", line 23, in load_backend
    return import_string(path)()
           ^^^^^^^^^^^^^^^^^^^
  File "C:\Users\admin\PycharmProjects\coure_django6\.venv\Lib\site-packages\django\utils\module_loading.py", line 30, in import_string
    return cached_import(module_path, class_name)
           ^^^^^^^^^^^^^^^^^^^^^^^^^^^^^^^^^^^^^^
  File "C:\Users\admin\PycharmProjects\coure_django6\.venv\Lib\site-packages\django\utils\module_loading.py", line 15, in cached_import
    module = import_module(module_path)
             ^^^^^^^^^^^^^^^^^^^^^^^^^^
  File "C:\Users\admin\AppData\Local\Programs\Python\Python311\Lib\importlib\__init__.py", line 126, in import_module
    return _bootstrap._gcd_import(name[level:], package, level)
           ^^^^^^^^^^^^^^^^^^^^^^^^^^^^^^^^^^^^^^^^^^^^^^^^^^^^
  File "<frozen importlib._bootstrap>", line 1204, in _gcd_import
  File "<frozen importlib._bootstrap>", line 1176, in _find_and_load
  File "<frozen importlib._bootstrap>", line 1140, in _find_and_load_unlocked
ModuleNotFoundError: No module named 'UserService.backends'
"GET /admin/login/?next=/admin/ HTTP/1.1" 500 137859
Internal Server Error: /admin/login/
Traceback (most recent call last):
  File "C:\Users\admin\PycharmProjects\coure_django6\.venv\Lib\site-packages\django\db\backends\utils.py", line 105, in _execute
    return self.cursor.execute(sql, params)
           ^^^^^^^^^^^^^^^^^^^^^^^^^^^^^^^^
psycopg2.errors.UndefinedColumn: :   UserService_serviceclient.id  
LINE 1: SELECT "UserService_serviceclient"."id", "UserService_servic...
               ^


The above exception was the direct cause of the following exception:

Traceback (most recent call last):
  File "C:\Users\admin\PycharmProjects\coure_django6\.venv\Lib\site-packages\django\core\handlers\exception.py", line 55, in inner
    response = get_response(request)
               ^^^^^^^^^^^^^^^^^^^^^
  File "C:\Users\admin\PycharmProjects\coure_django6\.venv\Lib\site-packages\django\core\handlers\base.py", line 197, in _get_response
    response = wrapped_callback(request, *callback_args, **callback_kwargs)
               ^^^^^^^^^^^^^^^^^^^^^^^^^^^^^^^^^^^^^^^^^^^^^^^^^^^^^^^^^^^^
  File "C:\Users\admin\PycharmProjects\coure_django6\.venv\Lib\site-packages\django\utils\decorators.py", line 48, in _wrapper
    return bound_method(*args, **kwargs)
           ^^^^^^^^^^^^^^^^^^^^^^^^^^^^^
  File "C:\Users\admin\PycharmProjects\coure_django6\.venv\Lib\site-packages\django\views\decorators\cache.py", line 80, in _view_wrapper
    response = view_func(request, *args, **kwargs)
               ^^^^^^^^^^^^^^^^^^^^^^^^^^^^^^^^^^^
  File "C:\Users\admin\PycharmProjects\coure_django6\.venv\Lib\site-packages\django\contrib\admin\sites.py", line 409, in login
    if request.method == "GET" and self.has_permission(request):
                                   ^^^^^^^^^^^^^^^^^^^^^^^^^^^^
  File "C:\Users\admin\PycharmProjects\coure_django6\.venv\Lib\site-packages\django\contrib\admin\sites.py", line 201, in has_permission
    return request.user.is_active and request.user.is_staff
           ^^^^^^^^^^^^^^^^^^^^^^
  File "C:\Users\admin\PycharmProjects\coure_django6\.venv\Lib\site-packages\django\utils\functional.py", line 251, in inner
    self._setup()
  File "C:\Users\admin\PycharmProjects\coure_django6\.venv\Lib\site-packages\django\utils\functional.py", line 404, in _setup
    self._wrapped = self._setupfunc()
                    ^^^^^^^^^^^^^^^^^
  File "C:\Users\admin\PycharmProjects\coure_django6\.venv\Lib\site-packages\django\contrib\auth\middleware.py", line 33, in <lambda>
    request.user = SimpleLazyObject(lambda: get_user(request))
                                            ^^^^^^^^^^^^^^^^^
  File "C:\Users\admin\PycharmProjects\coure_django6\.venv\Lib\site-packages\django\contrib\auth\middleware.py", line 13, in get_user
    request._cached_user = auth.get_user(request)
                           ^^^^^^^^^^^^^^^^^^^^^^
  File "C:\Users\admin\PycharmProjects\coure_django6\.venv\Lib\site-packages\django\contrib\auth\__init__.py", line 216, in get_user
    user = backend.get_user(user_id)
           ^^^^^^^^^^^^^^^^^^^^^^^^^
  File "C:\Users\admin\PycharmProjects\coure_django6\.venv\Lib\site-packages\django\contrib\auth\backends.py", line 157, in get_user
    user = UserModel._default_manager.get(pk=user_id)
           ^^^^^^^^^^^^^^^^^^^^^^^^^^^^^^^^^^^^^^^^^^
  File "C:\Users\admin\PycharmProjects\coure_django6\.venv\Lib\site-packages\django\db\models\manager.py", line 87, in manager_method
    return getattr(self.get_queryset(), name)(*args, **kwargs)
           ^^^^^^^^^^^^^^^^^^^^^^^^^^^^^^^^^^^^^^^^^^^^^^^^^^^
  File "C:\Users\admin\PycharmProjects\coure_django6\.venv\Lib\site-packages\django\db\models\query.py", line 645, in get
    num = len(clone)
          ^^^^^^^^^^
  File "C:\Users\admin\PycharmProjects\coure_django6\.venv\Lib\site-packages\django\db\models\query.py", line 382, in __len__
    self._fetch_all()
  File "C:\Users\admin\PycharmProjects\coure_django6\.venv\Lib\site-packages\django\db\models\query.py", line 1928, in _fetch_all
    self._result_cache = list(self._iterable_class(self))
                         ^^^^^^^^^^^^^^^^^^^^^^^^^^^^^^^^
  File "C:\Users\admin\PycharmProjects\coure_django6\.venv\Lib\site-packages\django\db\models\query.py", line 91, in __iter__
    results = compiler.execute_sql(
              ^^^^^^^^^^^^^^^^^^^^^
  File "C:\Users\admin\PycharmProjects\coure_django6\.venv\Lib\site-packages\django\db\models\sql\compiler.py", line 1562, in execute_sql
    cursor.execute(sql, params)
  File "C:\Users\admin\PycharmProjects\coure_django6\.venv\Lib\site-packages\django\db\backends\utils.py", line 122, in execute
    return super().execute(sql, params)
           ^^^^^^^^^^^^^^^^^^^^^^^^^^^^
  File "C:\Users\admin\PycharmProjects\coure_django6\.venv\Lib\site-packages\django\db\backends\utils.py", line 79, in execute
    return self._execute_with_wrappers(
           ^^^^^^^^^^^^^^^^^^^^^^^^^^^^
  File "C:\Users\admin\PycharmProjects\coure_django6\.venv\Lib\site-packages\django\db\backends\utils.py", line 92, in _execute_with_wrappers
    return executor(sql, params, many, context)
           ^^^^^^^^^^^^^^^^^^^^^^^^^^^^^^^^^^^^
  File "C:\Users\admin\PycharmProjects\coure_django6\.venv\Lib\site-packages\django\db\backends\utils.py", line 100, in _execute
    with self.db.wrap_database_errors:
  File "C:\Users\admin\PycharmProjects\coure_django6\.venv\Lib\site-packages\django\db\utils.py", line 91, in __exit__
    raise dj_exc_value.with_traceback(traceback) from exc_value
  File "C:\Users\admin\PycharmProjects\coure_django6\.venv\Lib\site-packages\django\db\backends\utils.py", line 105, in _execute
    return self.cursor.execute(sql, params)
           ^^^^^^^^^^^^^^^^^^^^^^^^^^^^^^^^
django.db.utils.ProgrammingError: :   UserService_serviceclient.id  
LINE 1: SELECT "UserService_serviceclient"."id", "UserService_servic...
               ^

"GET /admin/login/?next=/admin/ HTTP/1.1" 500 174600
Internal Server Error: /admin/login/
Traceback (most recent call last):
  File "C:\Users\admin\PycharmProjects\coure_django6\.venv\Lib\site-packages\django\db\backends\utils.py", line 105, in _execute
    return self.cursor.execute(sql, params)
           ^^^^^^^^^^^^^^^^^^^^^^^^^^^^^^^^
psycopg2.errors.UndefinedColumn: :   UserService_user.username  
LINE 1: ...."last_login", "UserService_user"."is_superuser", "UserServi...
                                                             ^


The above exception was the direct cause of the following exception:

Traceback (most recent call last):
  File "C:\Users\admin\PycharmProjects\coure_django6\.venv\Lib\site-packages\django\core\handlers\exception.py", line 55, in inner
    response = get_response(request)
               ^^^^^^^^^^^^^^^^^^^^^
  File "C:\Users\admin\PycharmProjects\coure_django6\.venv\Lib\site-packages\django\core\handlers\base.py", line 197, in _get_response
    response = wrapped_callback(request, *callback_args, **callback_kwargs)
               ^^^^^^^^^^^^^^^^^^^^^^^^^^^^^^^^^^^^^^^^^^^^^^^^^^^^^^^^^^^^
  File "C:\Users\admin\PycharmProjects\coure_django6\.venv\Lib\site-packages\django\utils\decorators.py", line 48, in _wrapper
    return bound_method(*args, **kwargs)
           ^^^^^^^^^^^^^^^^^^^^^^^^^^^^^
  File "C:\Users\admin\PycharmProjects\coure_django6\.venv\Lib\site-packages\django\views\decorators\cache.py", line 80, in _view_wrapper
    response = view_func(request, *args, **kwargs)
               ^^^^^^^^^^^^^^^^^^^^^^^^^^^^^^^^^^^
  File "C:\Users\admin\PycharmProjects\coure_django6\.venv\Lib\site-packages\django\contrib\admin\sites.py", line 409, in login
    if request.method == "GET" and self.has_permission(request):
                                   ^^^^^^^^^^^^^^^^^^^^^^^^^^^^
  File "C:\Users\admin\PycharmProjects\coure_django6\.venv\Lib\site-packages\django\contrib\admin\sites.py", line 201, in has_permission
    return request.user.is_active and request.user.is_staff
           ^^^^^^^^^^^^^^^^^^^^^^
  File "C:\Users\admin\PycharmProjects\coure_django6\.venv\Lib\site-packages\django\utils\functional.py", line 251, in inner
    self._setup()
  File "C:\Users\admin\PycharmProjects\coure_django6\.venv\Lib\site-packages\django\utils\functional.py", line 404, in _setup
    self._wrapped = self._setupfunc()
                    ^^^^^^^^^^^^^^^^^
  File "C:\Users\admin\PycharmProjects\coure_django6\.venv\Lib\site-packages\django\contrib\auth\middleware.py", line 33, in <lambda>
    request.user = SimpleLazyObject(lambda: get_user(request))
                                            ^^^^^^^^^^^^^^^^^
  File "C:\Users\admin\PycharmProjects\coure_django6\.venv\Lib\site-packages\django\contrib\auth\middleware.py", line 13, in get_user
    request._cached_user = auth.get_user(request)
                           ^^^^^^^^^^^^^^^^^^^^^^
  File "C:\Users\admin\PycharmProjects\coure_django6\.venv\Lib\site-packages\django\contrib\auth\__init__.py", line 216, in get_user
    user = backend.get_user(user_id)
           ^^^^^^^^^^^^^^^^^^^^^^^^^
  File "C:\Users\admin\PycharmProjects\coure_django6\.venv\Lib\site-packages\django\contrib\auth\backends.py", line 157, in get_user
    user = UserModel._default_manager.get(pk=user_id)
           ^^^^^^^^^^^^^^^^^^^^^^^^^^^^^^^^^^^^^^^^^^
  File "C:\Users\admin\PycharmProjects\coure_django6\.venv\Lib\site-packages\django\db\models\manager.py", line 87, in manager_method
    return getattr(self.get_queryset(), name)(*args, **kwargs)
           ^^^^^^^^^^^^^^^^^^^^^^^^^^^^^^^^^^^^^^^^^^^^^^^^^^^
  File "C:\Users\admin\PycharmProjects\coure_django6\.venv\Lib\site-packages\django\db\models\query.py", line 645, in get
    num = len(clone)
          ^^^^^^^^^^
  File "C:\Users\admin\PycharmProjects\coure_django6\.venv\Lib\site-packages\django\db\models\query.py", line 382, in __len__
    self._fetch_all()
  File "C:\Users\admin\PycharmProjects\coure_django6\.venv\Lib\site-packages\django\db\models\query.py", line 1928, in _fetch_all
    self._result_cache = list(self._iterable_class(self))
                         ^^^^^^^^^^^^^^^^^^^^^^^^^^^^^^^^
  File "C:\Users\admin\PycharmProjects\coure_django6\.venv\Lib\site-packages\django\db\models\query.py", line 91, in __iter__
    results = compiler.execute_sql(
              ^^^^^^^^^^^^^^^^^^^^^
  File "C:\Users\admin\PycharmProjects\coure_django6\.venv\Lib\site-packages\django\db\models\sql\compiler.py", line 1562, in execute_sql
    cursor.execute(sql, params)
  File "C:\Users\admin\PycharmProjects\coure_django6\.venv\Lib\site-packages\django\db\backends\utils.py", line 122, in execute
    return super().execute(sql, params)
           ^^^^^^^^^^^^^^^^^^^^^^^^^^^^
  File "C:\Users\admin\PycharmProjects\coure_django6\.venv\Lib\site-packages\django\db\backends\utils.py", line 79, in execute
    return self._execute_with_wrappers(
           ^^^^^^^^^^^^^^^^^^^^^^^^^^^^
  File "C:\Users\admin\PycharmProjects\coure_django6\.venv\Lib\site-packages\django\db\backends\utils.py", line 92, in _execute_with_wrappers
    return executor(sql, params, many, context)
           ^^^^^^^^^^^^^^^^^^^^^^^^^^^^^^^^^^^^
  File "C:\Users\admin\PycharmProjects\coure_django6\.venv\Lib\site-packages\django\db\backends\utils.py", line 100, in _execute
    with self.db.wrap_database_errors:
  File "C:\Users\admin\PycharmProjects\coure_django6\.venv\Lib\site-packages\django\db\utils.py", line 91, in __exit__
    raise dj_exc_value.with_traceback(traceback) from exc_value
  File "C:\Users\admin\PycharmProjects\coure_django6\.venv\Lib\site-packages\django\db\backends\utils.py", line 105, in _execute
    return self.cursor.execute(sql, params)
           ^^^^^^^^^^^^^^^^^^^^^^^^^^^^^^^^
django.db.utils.ProgrammingError: :   UserService_user.username  
LINE 1: ...."last_login", "UserService_user"."is_superuser", "UserServi...
                                                             ^

"GET /admin/login/?next=/admin/ HTTP/1.1" 500 177153
